<?xml version="1.0" encoding="UTF-8"?>
<!-- Generated by org.testng.reporters.JUnitReportReporter -->
<testsuite skipped="0" hostname="KARANAM-PC" name="automation.hrm.TestDataProvider" tests="3" failures="0" timestamp="23 May 2020 04:04:44 GMT" time="0.024" errors="0">
  <testcase name="verifyData1" time="0.014" classname="automation.hrm.TestDataProvider"/>
  <testcase name="verifyData1" time="0.002" classname="automation.hrm.TestDataProvider"/>
  <testcase name="verifyData1" time="0.008" classname="automation.hrm.TestDataProvider"/>
</testsuite> <!-- automation.hrm.TestDataProvider -->
