<?xml version="1.0" encoding="UTF-8"?>
<!-- Generated by org.testng.reporters.JUnitReportReporter -->
<testsuite skipped="0" hostname="KARANAM-PC" name="automation.hrm.ParametersDemo" tests="1" failures="0" timestamp="24 May 2020 03:53:25 GMT" time="0.017" errors="0">
  <testcase name="test_01" time="0.017" classname="automation.hrm.ParametersDemo"/>
</testsuite> <!-- automation.hrm.ParametersDemo -->
