<?xml version="1.0" encoding="UTF-8"?>
<!-- Generated by org.testng.reporters.JUnitReportReporter -->
<testsuite skipped="0" hostname="KARANAM-PC" name="automation.hrm.TestNGDemo1" tests="1" failures="0" timestamp="22 May 2020 04:26:09 GMT" time="0.007" errors="0">
  <testcase name="test_01" time="0.007" classname="automation.hrm.TestNGDemo1"/>
</testsuite> <!-- automation.hrm.TestNGDemo1 -->
