<?xml version="1.0" encoding="UTF-8"?>
<!-- Generated by org.testng.reporters.JUnitReportReporter -->
<testsuite skipped="0" hostname="KARANAM-PC" name="automation.hrm.LaunchBrowser" tests="6" failures="0" timestamp="24 May 2020 04:28:28 GMT" time="15.006" errors="0">
  <testcase name="Test_Title" time="0.517" classname="automation.hrm.LaunchBrowser"/>
  <testcase name="Test_Title" time="0.610" classname="automation.hrm.LaunchBrowser"/>
  <testcase name="open" time="6.360" classname="automation.hrm.LaunchBrowser"/>
  <testcase name="closeApp" time="1.618" classname="automation.hrm.LaunchBrowser"/>
  <testcase name="closeApp" time="0.139" classname="automation.hrm.LaunchBrowser"/>
  <testcase name="open" time="5.762" classname="automation.hrm.LaunchBrowser"/>
</testsuite> <!-- automation.hrm.LaunchBrowser -->
